c:\users\philhow\documents\visual studio 2013\projects\mavlinklib\mavlinklib\debug\mavlinklib.pch
c:\users\philhow\documents\visual studio 2013\projects\mavlinklib\mavlinklib\debug\vc120.pdb
c:\users\philhow\documents\visual studio 2013\projects\mavlinklib\mavlinklib\debug\stdafx.obj
c:\users\philhow\documents\visual studio 2013\projects\mavlinklib\mavlinklib\debug\mavlinklib.obj
c:\users\philhow\documents\visual studio 2013\projects\mavlinklib\mavlinklib\debug\assemblyinfo.obj
c:\users\philhow\documents\visual studio 2013\projects\mavlinklib\mavlinklib\debug\.netframework,version=v4.5.assemblyattributes.obj
c:\users\philhow\documents\visual studio 2013\projects\mavlinklib\debug\mavlinklib.dll
c:\users\philhow\documents\visual studio 2013\projects\mavlinklib\debug\mavlinklib.pdb
c:\users\philhow\documents\visual studio 2013\projects\mavlinklib\mavlinklib\debug\app.res
c:\users\philhow\documents\visual studio 2013\projects\mavlinklib\mavlinklib\debug\mavlinklib.vcxprojresolveassemblyreference.cache
c:\users\philhow\documents\visual studio 2013\projects\mavlinklib\mavlinklib\debug\mavlinklib.tlog\cl.command.1.tlog
c:\users\philhow\documents\visual studio 2013\projects\mavlinklib\mavlinklib\debug\mavlinklib.tlog\cl.read.1.tlog
c:\users\philhow\documents\visual studio 2013\projects\mavlinklib\mavlinklib\debug\mavlinklib.tlog\cl.write.1.tlog
c:\users\philhow\documents\visual studio 2013\projects\mavlinklib\mavlinklib\debug\mavlinklib.tlog\link.command.1.tlog
c:\users\philhow\documents\visual studio 2013\projects\mavlinklib\mavlinklib\debug\mavlinklib.tlog\link.read.1.tlog
c:\users\philhow\documents\visual studio 2013\projects\mavlinklib\mavlinklib\debug\mavlinklib.tlog\link.write.1.tlog
c:\users\philhow\documents\visual studio 2013\projects\mavlinklib\mavlinklib\debug\mavlinklib.tlog\metagen.read.1.tlog
c:\users\philhow\documents\visual studio 2013\projects\mavlinklib\mavlinklib\debug\mavlinklib.tlog\metagen.write.1.tlog
c:\users\philhow\documents\visual studio 2013\projects\mavlinklib\mavlinklib\debug\mavlinklib.tlog\rc.command.1.tlog
c:\users\philhow\documents\visual studio 2013\projects\mavlinklib\mavlinklib\debug\mavlinklib.tlog\rc.read.1.tlog
c:\users\philhow\documents\visual studio 2013\projects\mavlinklib\mavlinklib\debug\mavlinklib.tlog\rc.write.1.tlog
c:\users\philhow\documents\visual studio 2013\projects\mavlinklib\mavlinklib\debug\mavlinklib.tlog\rsaenh.dll.bi
c:\users\philhow\documents\visual studio 2013\projects\mavlinklib\mavlinklib\debug\mavlinklib.tlog\tzres.dll.bi
