Build started 7/24/2015 11:37:07 AM.
     1>Project "C:\Users\philhow\Documents\Visual Studio 2013\Projects\mavlinklib\mavlinklib\mavlinklib.vcxproj" on node 2 (Build target(s)).
     1>ClCompile:
         C:\Program Files (x86)\Microsoft Visual Studio 12.0\VC\bin\CL.exe /c /AI"C:\Program Files (x86)\Reference Assemblies\Microsoft\Framework\.NETFramework\v4.5\\" /AI"C:\Program Files (x86)\Windows Kits\8.1\References\CommonConfiguration\Neutral" /AI"C:\Program Files (x86)\Reference Assemblies\Microsoft\Framework\.NETFramework\v4.5\Facades\\" /Zi /clr /nologo /W3 /WX- /Od /Oy- /D WIN32 /D _DEBUG /D _WINDLL /D _UNICODE /D UNICODE /EHa /MDd /GS /fp:precise /Zc:wchar_t /Zc:forScope /Yu"stdafx.h" /Fp"Debug\mavlinklib.pch" /Fo"Debug\\" /Fd"Debug\vc120.pdb" /TP /FU"C:\Program Files (x86)\Reference Assemblies\Microsoft\Framework\.NETFramework\v4.5\mscorlib.dll" /FU"C:\Program Files (x86)\Reference Assemblies\Microsoft\Framework\.NETFramework\v4.5\System.Data.dll" /FU"C:\Program Files (x86)\Reference Assemblies\Microsoft\Framework\.NETFramework\v4.5\System.dll" /FU"C:\Program Files (x86)\Reference Assemblies\Microsoft\Framework\.NETFramework\v4.5\System.Xml.dll" /analyze- /errorReport:prompt /clr:nostdlib mavlinklib.cpp
         mavlinklib.cpp
     1>c:\users\philhow\documents\visual studio 2013\projects\mavlinklib\mavlinklib\mavlink\mavlink_conversions.h(48): warning C4244: '=' : conversion from 'double' to 'float', possible loss of data
     1>c:\users\philhow\documents\visual studio 2013\projects\mavlinklib\mavlinklib\mavlink\mavlink_conversions.h(49): warning C4244: '=' : conversion from 'double' to 'float', possible loss of data
     1>c:\users\philhow\documents\visual studio 2013\projects\mavlinklib\mavlinklib\mavlink\mavlink_conversions.h(50): warning C4244: '=' : conversion from 'double' to 'float', possible loss of data
     1>c:\users\philhow\documents\visual studio 2013\projects\mavlinklib\mavlinklib\mavlink\mavlink_conversions.h(51): warning C4244: '=' : conversion from 'double' to 'float', possible loss of data
     1>c:\users\philhow\documents\visual studio 2013\projects\mavlinklib\mavlinklib\mavlink\mavlink_conversions.h(52): warning C4244: '=' : conversion from 'double' to 'float', possible loss of data
     1>c:\users\philhow\documents\visual studio 2013\projects\mavlinklib\mavlinklib\mavlink\mavlink_conversions.h(53): warning C4244: '=' : conversion from 'double' to 'float', possible loss of data
     1>c:\users\philhow\documents\visual studio 2013\projects\mavlinklib\mavlinklib\mavlink\mavlink_conversions.h(54): warning C4244: '=' : conversion from 'double' to 'float', possible loss of data
     1>c:\users\philhow\documents\visual studio 2013\projects\mavlinklib\mavlinklib\mavlink\mavlink_conversions.h(55): warning C4244: '=' : conversion from 'double' to 'float', possible loss of data
     1>c:\users\philhow\documents\visual studio 2013\projects\mavlinklib\mavlinklib\mavlink\mavlink_conversions.h(56): warning C4244: '=' : conversion from 'double' to 'float', possible loss of data
       Link:
         C:\Program Files (x86)\Microsoft Visual Studio 12.0\VC\bin\link.exe /ERRORREPORT:PROMPT /OUT:"C:\Users\philhow\Documents\Visual Studio 2013\Projects\mavlinklib\Debug\mavlinklib.dll" /INCREMENTAL /NOLOGO /MANIFEST /MANIFESTUAC:"level='asInvoker' uiAccess='false'" /manifest:embed /DEBUG /PDB:"C:\Users\philhow\Documents\Visual Studio 2013\Projects\mavlinklib\Debug\mavlinklib.pdb" /ASSEMBLYDEBUG /TLBID:1 /DYNAMICBASE /FIXED:NO /NXCOMPAT /MACHINE:X86 /DLL Debug\app.res
         Debug\AssemblyInfo.obj
         Debug\mavlinklib.obj
         Debug\Stdafx.obj
         "Debug\.NETFramework,Version=v4.5.AssemblyAttributes.obj"
         mavlinklib.vcxproj -> C:\Users\philhow\Documents\Visual Studio 2013\Projects\mavlinklib\Debug\mavlinklib.dll
     1>Done Building Project "C:\Users\philhow\Documents\Visual Studio 2013\Projects\mavlinklib\mavlinklib\mavlinklib.vcxproj" (Build target(s)).

Build succeeded.

Time Elapsed 00:00:02.46
